<?xml version="1.0" encoding="UTF-8"?>
<!-- Generated by org.testng.reporters.JUnitReportReporter -->
<testsuite hostname="ADM-J6NX9RJQR0" failures="0" tests="2" name="jenkins.CalcTest" time="0.002" errors="0" timestamp="24 May 2024 14:03:30 GMT" skipped="0">
  <testcase classname="jenkins.CalcTest" name="addTest" time="0.002"/>
  <testcase classname="jenkins.CalcTest" name="subtractTest" time="0.000"/>
</testsuite> <!-- jenkins.CalcTest -->
