<?xml version="1.0" encoding="UTF-8"?>
<!-- Generated by org.testng.reporters.JUnitReportReporter -->
<testsuite hostname="ADM-J6NX9RJQR0" failures="0" tests="1" name="jenkins.SampleSeleniumTest" time="2.055" errors="0" timestamp="24 May 2024 14:03:30 GMT" skipped="0">
  <testcase classname="jenkins.SampleSeleniumTest" name="validateGoogleId" time="2.055"/>
</testsuite> <!-- jenkins.SampleSeleniumTest -->
